The system is: Windows - 10.0.19043 - AMD64
Compiling the C compiler identification source file "CMakeCCompilerId.c" succeeded.
Compiler: C:/Program Files/Microsoft Visual Studio/2022/Community/VC/Tools/MSVC/14.30.30705/bin/Hostx64/x64/cl.exe 
Build flags: 
Id flags:  

The output was:
0
Microsoft (R) C/C++ Optimizing Compiler Versão 19.30.30709 para x64
Copyright (C) Microsoft Corporation. Todos os direitos reservados.

CMakeCCompilerId.c
Microsoft (R) Incremental Linker Version 14.30.30709.0
Copyright (C) Microsoft Corporation.  All rights reserved.

/out:CMakeCCompilerId.exe 
CMakeCCompilerId.obj 


Compilation of the C compiler identification source "CMakeCCompilerId.c" produced "CMakeCCompilerId.exe"

Compilation of the C compiler identification source "CMakeCCompilerId.c" produced "CMakeCCompilerId.obj"

The C compiler identification is MSVC, found in "C:/Users/henri/Desktop/SunSet nova versão/UI/freetype/out/build/x64-Debug/CMakeFiles/3.21.21080301-MSVC_2/CompilerIdC/CMakeCCompilerId.exe"

Detecting C compiler ABI info compiled with the following output:
Change Dir: C:/Users/henri/Desktop/SunSet nova versão/UI/freetype/out/build/x64-Debug/CMakeFiles/CMakeTmp

Run Build Command(s):C:/Program Files/Microsoft Visual Studio/2022/Community/Common7/IDE/CommonExtensions/Microsoft/CMake/Ninja/ninja.exe cmTC_94439 && [1/2] Building C object CMakeFiles\cmTC_94439.dir\CMakeCCompilerABI.c.obj
[2/2] Linking C executable cmTC_94439.exe



